#
# A fatal error has been detected by the Java Runtime Environment:
#
#  EXCEPTION_ACCESS_VIOLATION (0xc0000005) at pc=0x0000000064a1944e, pid=30936, tid=27264
#
# JRE version: OpenJDK Runtime Environment Temurin-17.0.7+7 (17.0.7+7) (build 17.0.7+7)
# Java VM: OpenJDK 64-Bit Server VM Temurin-17.0.7+7 (17.0.7+7, mixed mode, tiered, compressed oops, compressed class ptrs, g1 gc, windows-amd64)
# Problematic frame:
# C  [imgui-java64.dll+0x1944e]
#
# No core dump will be written. Minidumps are not enabled by default on client versions of Windows
#
# If you would like to submit a bug report, please visit:
#   https://github.com/adoptium/adoptium-support/issues
# The crash happened outside the Java Virtual Machine in native code.
# See problematic frame for where to report the bug.
#

---------------  S U M M A R Y ------------

Command Line: -agentlib:jdwp=transport=dt_socket,server=n,suspend=y,address=localhost:61342 -XX:+ShowCodeDetailsInExceptionMessages Burst.Engine.Source.Main

Host: AMD Ryzen 7 4700U with Radeon Graphics         , 8 cores, 15G,  Windows 11 , 64 bit Build 22621 (10.0.22621.1194)
Time: Tue May 16 14:39:46 2023 Mitteleuropäische Sommerzeit elapsed time: 11.696604 seconds (0d 0h 0m 11s)

---------------  T H R E A D  ---------------

Current thread (0x00000194d48b3840):  JavaThread "main" [_thread_in_native, id=27264, stack(0x0000000336600000,0x0000000336700000)]

Stack: [0x0000000336600000,0x0000000336700000],  sp=0x00000003366ff2f8,  free space=1020k
Native frames: (J=compiled Java code, j=interpreted, Vv=VM code, C=native code)
C  [imgui-java64.dll+0x1944e]

Java frames: (J=compiled Java code, j=interpreted, Vv=VM code)
j  imgui.ImGui.getContentRegionAvail(Limgui/ImVec2;)V+0
j  Burst.Engine.Source.Editor.Panel.ViewportPanel.getSize()F+9
j  Burst.Engine.Source.Core.UI.Viewport.adjustProjection()V+22
j  Burst.Engine.Source.Editor.Editor.update(F)V+7
j  Burst.Engine.Source.Core.Scene.Scene.update(F)V+69
j  Burst.Engine.Source.Core.UI.Window.loop()V+169
j  Burst.Engine.Source.Core.UI.Window.run()V+34
j  Burst.Engine.Source.Main.main([Ljava/lang/String;)V+5
v  ~StubRoutines::call_stub

siginfo: EXCEPTION_ACCESS_VIOLATION (0xc0000005), reading address 0x00000000000001f0


Register to memory mapping:

RIP=0x0000000064a1944e imgui-java64.dll
RAX=0x0000000064a4b750 imgui-java64.dll
RBX=0x00000003366ff3d0 is pointing into the stack for thread: 0x00000194d48b3840
RCX=0x00000194ff3981d0 points into unknown readable memory: 0x00000194d2a30101 | 01 01 a3 d2 94 01 00 00
RDX=0x0 is NULL
RSP=0x00000003366ff2f8 is pointing into the stack for thread: 0x00000194d48b3840
RBP=0x00000003366ff3b0 is pointing into the stack for thread: 0x00000194d48b3840
RSI=0x00000194f3204768 is pointing into metadata
RDI=0x000000000002b576 is an unknown value
R8 =0x00000003366ff3d0 is pointing into the stack for thread: 0x00000194d48b3840
R9 =0x0000000000000002 is an unknown value
R10=0x00000194dea71337 is at code_begin+1911 in an Interpreter codelet
method entry point (kind = native)  [0x00000194dea70bc0, 0x00000194dea71ce0]  4384 bytes
R11=0x0000000717cde5a8 is an oop: java.lang.Class 
{0x0000000717cde5a8} - klass: 'java/lang/Class'
 - ---- fields (total size 23 words):
 - private volatile transient 'classRedefinedCount' 'I' @12  0
 - private volatile transient 'cachedConstructor' 'Ljava/lang/reflect/Constructor;' @40  NULL (0)
 - private transient 'name' 'Ljava/lang/String;' @44  "imgui.ImGui"{0x0000000717cde9e0} (e2f9bd3c)
 - private transient 'module' 'Ljava/lang/Module;' @48  a 'java/lang/Module'{0x0000000717c00880} (e2f80110)
 - private final 'classLoader' 'Ljava/lang/ClassLoader;' @52  a 'jdk/internal/loader/ClassLoaders$AppClassLoader'{0x0000000717c00000} (e2f80000)
 - private transient 'classData' 'Ljava/lang/Object;' @56  NULL (0)
 - private transient 'packageName' 'Ljava/lang/String;' @60  "imgui"{0x0000000717cdc868} (e2f9b90d)
 - private final 'componentType' 'Ljava/lang/Class;' @64  NULL (0)
 - private volatile transient 'reflectionData' 'Ljava/lang/ref/SoftReference;' @68  NULL (0)
 - private volatile transient 'genericInfo' 'Lsun/reflect/generics/repository/ClassRepository;' @72  NULL (0)
 - private volatile transient 'enumConstants' '[Ljava/lang/Object;' @76  NULL (0)
 - private volatile transient 'enumConstantDirectory' 'Ljava/util/Map;' @80  NULL (0)
 - private volatile transient 'annotationData' 'Ljava/lang/Class$AnnotationData;' @84  NULL (0)
 - private volatile transient 'annotationType' 'Lsun/reflect/annotation/AnnotationType;' @88  NULL (0)
 - transient 'classValueMap' 'Ljava/lang/ClassValue$ClassValueMap;' @92  NULL (0)
 - signature: Limgui/ImGui;
 - fake entry for mirror: 'imgui/ImGui'
 - fake entry for array: NULL
 - fake entry for oop_size: 23
 - fake entry for static_oop_field_count: 18
 - private static final 'LIB_PATH_PROP' 'Ljava/lang/String;' @112  "imgui.library.path"{0x0000000717cde6c0} (e2f9bcd8)
 - private static final 'LIB_NAME_PROP' 'Ljava/lang/String;' @116  "imgui.library.name"{0x0000000717cde7f0} (e2f9bcfe)
 - private static final 'LIB_NAME_DEFAULT' 'Ljava/lang/String;' @120  "imgui-java64"{0x0000000717cde740} (e2f9bce8)
 - private static final 'LIB_TMP_DIR_PREFIX' 'Ljava/lang/String;' @124  "imgui-java-natives_1684240776121"{0x0000000717cde998} (e2f9bd33)
 - private static final 'IMGUI_IO' 'Limgui/ImGuiIO;' @128  a 'imgui/ImGuiIO'{0x0000000717c3e790} (e2f87cf2)
 - private static final 'WINDOW_DRAW_LIST' 'Limgui/ImDrawList;' @132  a 'imgui/ImDrawList'{0x0000000717cde980} (e2f9bd30)
 - private static final 'BACKGROUND_DRAW_LIST' 'Limgui/ImDrawList;' @136  a 'imgui/ImDrawList'{0x0000000717cde968} (e2f9bd2d)
 - private static final 'FOREGROUND_DRAW_LIST' 'Limgui/ImDrawList;' @140  a 'imgui/ImDrawList'{0x0000000717cde950} (e2f9bd2a)
 - private static final 'IMGUI_STORAGE' 'Limgui/ImGuiStorage;' @144  a 'imgui/ImGuiStorage'{0x0000000717cde938} (e2f9bd27)
 - private static final 'WINDOW_VIEWPORT' 'Limgui/ImGuiViewport;' @148  a 'imgui/ImGuiViewport'{0x0000000717cde920} (e2f9bd24)
 - private static final 'FIND_VIEWPORT' 'Limgui/ImGuiViewport;' @152  a 'imgui/ImGuiViewport'{0x0000000717cde908} (e2f9bd21)
 - private static 'drawData' 'Limgui/ImDrawData;' @156  a 'imgui/ImDrawData'{0x0000000718f8cbf0} (e31f197e)
 - private static 'font' 'Limgui/ImFont;' @160  NULL (0)
 - private static 'style' 'Limgui/ImGuiStyle;' @164  a 'imgui/ImGuiStyle'{0x0000000718f80998} (e31f0133)
 - private static 'mainViewport' 'Limgui/ImGuiViewport;' @168  a 'imgui/ImGuiViewport'{0x0000000717cde8f0} (e2f9bd1e)
 - private static 'platformIO' 'Limgui/ImGuiPlatformIO;' @172  a 'imgui/ImGuiPlatformIO'{0x0000000717cde8d8} (e2f9bd1b)
 - private static 'objectPayloadRef' 'Ljava/lang/ref/WeakReference;' @176  NULL (0)
 - private static final 'OBJECT_PAYLOAD_PLACEHOLDER_DATA' '[B' @180  [B{0x0000000717cde8c0} (e2f9bd18)
R12=0x00000194d48b3ae8 points into unknown readable memory: 0x00000194803c1100 | 00 11 3c 80 94 01 00 00
R13={method} {0x00000194f3acde10} 'getContentRegionAvail' '(Limgui/ImVec2;)V' in 'imgui/ImGui'
R14=0x00000003366ff3d0 is pointing into the stack for thread: 0x00000194d48b3840
R15=0x00000194d48b3840 is a thread


Registers:
RAX=0x0000000064a4b750, RBX=0x00000003366ff3d0, RCX=0x00000194ff3981d0, RDX=0x0000000000000000
RSP=0x00000003366ff2f8, RBP=0x00000003366ff3b0, RSI=0x00000194f3204768, RDI=0x000000000002b576
R8 =0x00000003366ff3d0, R9 =0x0000000000000002, R10=0x00000194dea71337, R11=0x0000000717cde5a8
R12=0x00000194d48b3ae8, R13=0x00000194f3acde08, R14=0x00000003366ff3d0, R15=0x00000194d48b3840
RIP=0x0000000064a1944e, EFLAGS=0x0000000000010206

Top of Stack: (sp=0x00000003366ff2f8)
0x00000003366ff2f8:   0000000064a4b762 00000194f3f64eb0
0x00000003366ff308:   00000003366ff350 0000000000000000
0x00000003366ff318:   0000000000000000 0000000717d03e68
0x00000003366ff328:   00000194f3acde08 0000000000000000
0x00000003366ff338:   00000194dea71366 0000000000000000
0x00000003366ff348:   0000000000000000 00000194f3b94aa0
0x00000003366ff358:   00000194d48b3840 00000194d48b3840
0x00000003366ff368:   00000003366ff368 0000000000000000
0x00000003366ff378:   00000003366ff3d0 00000194f3af2d40
0x00000003366ff388:   0000000000000000 0000000717cde5a8
0x00000003366ff398:   00000194f3acde08 0000000000000000
0x00000003366ff3a8:   00000003366ff3d0 00000003366ff420
0x00000003366ff3b8:   00000194dea69efa 0000000717cde5a8
0x00000003366ff3c8:   00000194dea6d4f8 0000000718fa5048
0x00000003366ff3d8:   00000003366ff3d8 00000194f3b94a71
0x00000003366ff3e8:   00000003366ff438 00000194f3c28ac8 

Instructions: (pc=0x0000000064a1944e)
0x0000000064a1934e:   00 f3 0f 58 c0 f3 0f 58 80 80 1a 00 00 f3 0f 58
0x0000000064a1935e:   80 84 16 00 00 c3 66 66 2e 0f 1f 84 00 00 00 00
0x0000000064a1936e:   00 90 48 8b 0d 11 ed 2c 00 48 8b 91 e8 1b 00 00
0x0000000064a1937e:   f3 0f 10 82 b4 02 00 00 48 83 ba f0 01 00 00 00
0x0000000064a1938e:   f3 0f 10 4a 50 0f 28 d0 f3 0f 5c 52 54 74 23 f3
0x0000000064a1939e:   0f 10 82 80 02 00 00 f3 0f 5c c1 66 0f 7e d0 48
0x0000000064a193ae:   89 c2 48 c1 e2 20 66 0f 7e c0 48 09 d0 c3 0f 1f
0x0000000064a193be:   40 00 48 83 b9 28 20 00 00 00 f3 0f 10 82 b0 02
0x0000000064a193ce:   00 00 75 cb eb d1 66 66 2e 0f 1f 84 00 00 00 00
0x0000000064a193de:   00 90 48 8b 0d a1 ec 2c 00 48 8b 91 e8 1b 00 00
0x0000000064a193ee:   48 83 ba f0 01 00 00 00 f3 0f 10 8a b4 02 00 00
0x0000000064a193fe:   74 20 f3 0f 10 82 80 02 00 00 66 0f 7e c8 48 89
0x0000000064a1940e:   c2 66 0f 7e c0 48 c1 e2 20 48 09 d0 c3 0f 1f 44
0x0000000064a1941e:   00 00 48 83 b9 28 20 00 00 00 f3 0f 10 82 b0 02
0x0000000064a1942e:   00 00 75 ce eb d4 66 66 2e 0f 1f 84 00 00 00 00
0x0000000064a1943e:   00 90 48 8b 0d 41 ec 2c 00 48 8b 91 e8 1b 00 00
0x0000000064a1944e:   48 83 ba f0 01 00 00 00 f3 0f 10 8a b4 02 00 00
0x0000000064a1945e:   74 30 f3 0f 10 82 80 02 00 00 f3 0f 5c 8a 1c 01
0x0000000064a1946e:   00 00 f3 0f 5c 82 18 01 00 00 66 0f 7e c8 48 89
0x0000000064a1947e:   c2 66 0f 7e c0 48 c1 e2 20 48 09 d0 c3 0f 1f 44
0x0000000064a1948e:   00 00 48 83 b9 28 20 00 00 00 f3 0f 10 82 b0 02
0x0000000064a1949e:   00 00 75 be eb c4 66 66 2e 0f 1f 84 00 00 00 00
0x0000000064a194ae:   00 90 48 8b 05 d1 eb 2c 00 48 8b 80 e8 1b 00 00
0x0000000064a194be:   f3 0f 10 88 ac 02 00 00 f3 0f 5c 48 54 f3 0f 10
0x0000000064a194ce:   80 a8 02 00 00 f3 0f 5c 40 50 66 0f 7e c8 48 89
0x0000000064a194de:   c2 66 0f 7e c0 48 c1 e2 20 48 09 d0 c3 0f 1f 44
0x0000000064a194ee:   00 00 48 8b 05 91 eb 2c 00 48 8b 80 e8 1b 00 00
0x0000000064a194fe:   f3 0f 10 88 b4 02 00 00 f3 0f 5c 48 54 f3 0f 10
0x0000000064a1950e:   80 b0 02 00 00 f3 0f 5c 40 50 66 0f 7e c8 48 89
0x0000000064a1951e:   c2 66 0f 7e c0 48 c1 e2 20 48 09 d0 c3 0f 1f 44
0x0000000064a1952e:   00 00 48 8b 05 51 eb 2c 00 48 8b 80 e8 1b 00 00
0x0000000064a1953e:   f3 0f 10 80 b0 02 00 00 f3 0f 5c 80 a8 02 00 00 


Stack slot to memory mapping:
stack at sp + 0 slots: 0x0000000064a4b762 imgui-java64.dll
stack at sp + 1 slots: 0x00000194f3f64eb0 is pointing into metadata
stack at sp + 2 slots: 0x00000003366ff350 is pointing into the stack for thread: 0x00000194d48b3840
stack at sp + 3 slots: 0x0 is NULL
stack at sp + 4 slots: 0x0 is NULL
stack at sp + 5 slots: 0x0000000717d03e68 is an oop: [Ljava.lang.Object; 
{0x0000000717d03e68} - klass: 'java/lang/Object'[]
 - length: 10
stack at sp + 6 slots: {method} {0x00000194f3acde10} 'getContentRegionAvail' '(Limgui/ImVec2;)V' in 'imgui/ImGui'
stack at sp + 7 slots: 0x0 is NULL


---------------  P R O C E S S  ---------------

Threads class SMR info:
_java_thread_list=0x00000194f7390540, length=15, elements={
0x00000194d48b3840, 0x00000194f25b8780, 0x00000194f25bb050, 0x00000194f25e66d0,
0x00000194f25e6f90, 0x00000194f25e7850, 0x00000194f25e8110, 0x00000194f25e8db0,
0x00000194f25e9760, 0x00000194f25ea870, 0x00000194f27b45f0, 0x00000194f27ac790,
0x00000194f27ad280, 0x00000194f27add10, 0x00000194f27e4640
}

Java Threads: ( => current thread )
=>0x00000194d48b3840 JavaThread "main" [_thread_in_native, id=27264, stack(0x0000000336600000,0x0000000336700000)]
  0x00000194f25b8780 JavaThread "Reference Handler" daemon [_thread_blocked, id=11076, stack(0x0000000336d00000,0x0000000336e00000)]
  0x00000194f25bb050 JavaThread "Finalizer" daemon [_thread_blocked, id=15492, stack(0x0000000336e00000,0x0000000336f00000)]
  0x00000194f25e66d0 JavaThread "Signal Dispatcher" daemon [_thread_blocked, id=18780, stack(0x0000000336f00000,0x0000000337000000)]
  0x00000194f25e6f90 JavaThread "Attach Listener" daemon [_thread_blocked, id=23800, stack(0x0000000337000000,0x0000000337100000)]
  0x00000194f25e7850 JavaThread "Service Thread" daemon [_thread_blocked, id=10484, stack(0x0000000337100000,0x0000000337200000)]
  0x00000194f25e8110 JavaThread "Monitor Deflation Thread" daemon [_thread_blocked, id=18020, stack(0x0000000337200000,0x0000000337300000)]
  0x00000194f25e8db0 JavaThread "C2 CompilerThread0" daemon [_thread_blocked, id=30344, stack(0x0000000337300000,0x0000000337400000)]
  0x00000194f25e9760 JavaThread "C1 CompilerThread0" daemon [_thread_blocked, id=33556, stack(0x0000000337400000,0x0000000337500000)]
  0x00000194f25ea870 JavaThread "Sweeper thread" daemon [_thread_blocked, id=10468, stack(0x0000000337500000,0x0000000337600000)]
  0x00000194f27b45f0 JavaThread "JDWP Transport Listener: dt_socket" daemon [_thread_blocked, id=34008, stack(0x0000000337600000,0x0000000337700000)]
  0x00000194f27ac790 JavaThread "JDWP Event Helper Thread" daemon [_thread_blocked, id=5112, stack(0x0000000337700000,0x0000000337800000)]
  0x00000194f27ad280 JavaThread "JDWP Command Reader" daemon [_thread_in_native, id=30080, stack(0x0000000337800000,0x0000000337900000)]
  0x00000194f27add10 JavaThread "Notification Thread" daemon [_thread_blocked, id=28440, stack(0x0000000337900000,0x0000000337a00000)]
  0x00000194f27e4640 JavaThread "Common-Cleaner" daemon [_thread_blocked, id=4560, stack(0x0000000337b00000,0x0000000337c00000)]

Other Threads:
  0x00000194f25a3d30 VMThread "VM Thread" [stack: 0x0000000336c00000,0x0000000336d00000] [id=33056]
  0x00000194f27ae1e0 WatcherThread [stack: 0x0000000337a00000,0x0000000337b00000] [id=26784]
  0x00000194d4920330 GCTaskThread "GC Thread#0" [stack: 0x0000000336700000,0x0000000336800000] [id=33368]
  0x00000194804dfd50 GCTaskThread "GC Thread#1" [stack: 0x0000000338400000,0x0000000338500000] [id=28264]
  0x00000194804e2040 GCTaskThread "GC Thread#2" [stack: 0x0000000338500000,0x0000000338600000] [id=26908]
  0x00000194804e35c0 GCTaskThread "GC Thread#3" [stack: 0x0000000338600000,0x0000000338700000] [id=13712]
  0x00000194804e3060 GCTaskThread "GC Thread#4" [stack: 0x0000000338700000,0x0000000338800000] [id=16984]
  0x00000194804e3310 GCTaskThread "GC Thread#5" [stack: 0x0000000338800000,0x0000000338900000] [id=16776]
  0x00000194804e0000 GCTaskThread "GC Thread#6" [stack: 0x0000000338900000,0x0000000338a00000] [id=6960]
  0x00000194804e2b00 GCTaskThread "GC Thread#7" [stack: 0x0000000338a00000,0x0000000338b00000] [id=8924]
  0x00000194d494ca90 ConcurrentGCThread "G1 Main Marker" [stack: 0x0000000336800000,0x0000000336900000] [id=11712]
  0x00000194d494e160 ConcurrentGCThread "G1 Conc#0" [stack: 0x0000000336900000,0x0000000336a00000] [id=27736]
  0x00000194d496ecd0 ConcurrentGCThread "G1 Refine#0" [stack: 0x0000000336a00000,0x0000000336b00000] [id=33240]
  0x00000194f23ec670 ConcurrentGCThread "G1 Service" [stack: 0x0000000336b00000,0x0000000336c00000] [id=5408]

Threads with active compile tasks:

VM state: not at safepoint (normal execution)

VM Mutex/Monitor currently owned by a thread: None

Heap address: 0x0000000709c00000, size: 3940 MB, Compressed Oops mode: Zero based, Oop shift amount: 3

CDS archive(s) not mapped
Compressed class space mapped at: 0x0000000800000000-0x0000000840000000, reserved size: 1073741824
Narrow klass base: 0x0000000800000000, Narrow klass shift: 0, Narrow klass range: 0x40000000

GC Precious Log:
 CPUs: 8 total, 8 available
 Memory: 15756M
 Large Page Support: Disabled
 NUMA Support: Disabled
 Compressed Oops: Enabled (Zero based)
 Heap Region Size: 2M
 Heap Min Capacity: 8M
 Heap Initial Capacity: 248M
 Heap Max Capacity: 3940M
 Pre-touch: Disabled
 Parallel Workers: 8
 Concurrent Workers: 2
 Concurrent Refinement Workers: 8
 Periodic GC: Disabled

Heap:
 garbage-first heap   total 253952K, used 5336K [0x0000000709c00000, 0x0000000800000000)
  region size 2048K, 5 young (10240K), 2 survivors (4096K)
 Metaspace       used 16875K, committed 17024K, reserved 1114112K
  class space    used 1285K, committed 1344K, reserved 1048576K

Heap Regions: E=young(eden), S=young(survivor), O=old, HS=humongous(starts), HC=humongous(continues), CS=collection set, F=free, OA=open archive, CA=closed archive, TAMS=top-at-mark-start (previous, next)
|   0|0x0000000709c00000, 0x0000000709c00000, 0x0000000709e00000|  0%| F|  |TAMS 0x0000000709c00000, 0x0000000709c00000| Untracked 
|   1|0x0000000709e00000, 0x0000000709e00000, 0x000000070a000000|  0%| F|  |TAMS 0x0000000709e00000, 0x0000000709e00000| Untracked 
|   2|0x000000070a000000, 0x000000070a000000, 0x000000070a200000|  0%| F|  |TAMS 0x000000070a000000, 0x000000070a000000| Untracked 
|   3|0x000000070a200000, 0x000000070a200000, 0x000000070a400000|  0%| F|  |TAMS 0x000000070a200000, 0x000000070a200000| Untracked 
|   4|0x000000070a400000, 0x000000070a400000, 0x000000070a600000|  0%| F|  |TAMS 0x000000070a400000, 0x000000070a400000| Untracked 
|   5|0x000000070a600000, 0x000000070a600000, 0x000000070a800000|  0%| F|  |TAMS 0x000000070a600000, 0x000000070a600000| Untracked 
|   6|0x000000070a800000, 0x000000070a800000, 0x000000070aa00000|  0%| F|  |TAMS 0x000000070a800000, 0x000000070a800000| Untracked 
|   7|0x000000070aa00000, 0x000000070aa00000, 0x000000070ac00000|  0%| F|  |TAMS 0x000000070aa00000, 0x000000070aa00000| Untracked 
|   8|0x000000070ac00000, 0x000000070ac00000, 0x000000070ae00000|  0%| F|  |TAMS 0x000000070ac00000, 0x000000070ac00000| Untracked 
|   9|0x000000070ae00000, 0x000000070ae00000, 0x000000070b000000|  0%| F|  |TAMS 0x000000070ae00000, 0x000000070ae00000| Untracked 
|  10|0x000000070b000000, 0x000000070b000000, 0x000000070b200000|  0%| F|  |TAMS 0x000000070b000000, 0x000000070b000000| Untracked 
|  11|0x000000070b200000, 0x000000070b200000, 0x000000070b400000|  0%| F|  |TAMS 0x000000070b200000, 0x000000070b200000| Untracked 
|  12|0x000000070b400000, 0x000000070b400000, 0x000000070b600000|  0%| F|  |TAMS 0x000000070b400000, 0x000000070b400000| Untracked 
|  13|0x000000070b600000, 0x000000070b600000, 0x000000070b800000|  0%| F|  |TAMS 0x000000070b600000, 0x000000070b600000| Untracked 
|  14|0x000000070b800000, 0x000000070b800000, 0x000000070ba00000|  0%| F|  |TAMS 0x000000070b800000, 0x000000070b800000| Untracked 
|  15|0x000000070ba00000, 0x000000070ba00000, 0x000000070bc00000|  0%| F|  |TAMS 0x000000070ba00000, 0x000000070ba00000| Untracked 
|  16|0x000000070bc00000, 0x000000070bc00000, 0x000000070be00000|  0%| F|  |TAMS 0x000000070bc00000, 0x000000070bc00000| Untracked 
|  17|0x000000070be00000, 0x000000070be00000, 0x000000070c000000|  0%| F|  |TAMS 0x000000070be00000, 0x000000070be00000| Untracked 
|  18|0x000000070c000000, 0x000000070c000000, 0x000000070c200000|  0%| F|  |TAMS 0x000000070c000000, 0x000000070c000000| Untracked 
|  19|0x000000070c200000, 0x000000070c200000, 0x000000070c400000|  0%| F|  |TAMS 0x000000070c200000, 0x000000070c200000| Untracked 
|  20|0x000000070c400000, 0x000000070c400000, 0x000000070c600000|  0%| F|  |TAMS 0x000000070c400000, 0x000000070c400000| Untracked 
|  21|0x000000070c600000, 0x000000070c600000, 0x000000070c800000|  0%| F|  |TAMS 0x000000070c600000, 0x000000070c600000| Untracked 
|  22|0x000000070c800000, 0x000000070c800000, 0x000000070ca00000|  0%| F|  |TAMS 0x000000070c800000, 0x000000070c800000| Untracked 
|  23|0x000000070ca00000, 0x000000070ca00000, 0x000000070cc00000|  0%| F|  |TAMS 0x000000070ca00000, 0x000000070ca00000| Untracked 
|  24|0x000000070cc00000, 0x000000070cc00000, 0x000000070ce00000|  0%| F|  |TAMS 0x000000070cc00000, 0x000000070cc00000| Untracked 
|  25|0x000000070ce00000, 0x000000070ce00000, 0x000000070d000000|  0%| F|  |TAMS 0x000000070ce00000, 0x000000070ce00000| Untracked 
|  26|0x000000070d000000, 0x000000070d000000, 0x000000070d200000|  0%| F|  |TAMS 0x000000070d000000, 0x000000070d000000| Untracked 
|  27|0x000000070d200000, 0x000000070d200000, 0x000000070d400000|  0%| F|  |TAMS 0x000000070d200000, 0x000000070d200000| Untracked 
|  28|0x000000070d400000, 0x000000070d400000, 0x000000070d600000|  0%| F|  |TAMS 0x000000070d400000, 0x000000070d400000| Untracked 
|  29|0x000000070d600000, 0x000000070d600000, 0x000000070d800000|  0%| F|  |TAMS 0x000000070d600000, 0x000000070d600000| Untracked 
|  30|0x000000070d800000, 0x000000070d800000, 0x000000070da00000|  0%| F|  |TAMS 0x000000070d800000, 0x000000070d800000| Untracked 
|  31|0x000000070da00000, 0x000000070da00000, 0x000000070dc00000|  0%| F|  |TAMS 0x000000070da00000, 0x000000070da00000| Untracked 
|  32|0x000000070dc00000, 0x000000070dc00000, 0x000000070de00000|  0%| F|  |TAMS 0x000000070dc00000, 0x000000070dc00000| Untracked 
|  33|0x000000070de00000, 0x000000070de00000, 0x000000070e000000|  0%| F|  |TAMS 0x000000070de00000, 0x000000070de00000| Untracked 
|  34|0x000000070e000000, 0x000000070e000000, 0x000000070e200000|  0%| F|  |TAMS 0x000000070e000000, 0x000000070e000000| Untracked 
|  35|0x000000070e200000, 0x000000070e200000, 0x000000070e400000|  0%| F|  |TAMS 0x000000070e200000, 0x000000070e200000| Untracked 
|  36|0x000000070e400000, 0x000000070e400000, 0x000000070e600000|  0%| F|  |TAMS 0x000000070e400000, 0x000000070e400000| Untracked 
|  37|0x000000070e600000, 0x000000070e600000, 0x000000070e800000|  0%| F|  |TAMS 0x000000070e600000, 0x000000070e600000| Untracked 
|  38|0x000000070e800000, 0x000000070e800000, 0x000000070ea00000|  0%| F|  |TAMS 0x000000070e800000, 0x000000070e800000| Untracked 
|  39|0x000000070ea00000, 0x000000070ea00000, 0x000000070ec00000|  0%| F|  |TAMS 0x000000070ea00000, 0x000000070ea00000| Untracked 
|  40|0x000000070ec00000, 0x000000070ec00000, 0x000000070ee00000|  0%| F|  |TAMS 0x000000070ec00000, 0x000000070ec00000| Untracked 
|  41|0x000000070ee00000, 0x000000070ee00000, 0x000000070f000000|  0%| F|  |TAMS 0x000000070ee00000, 0x000000070ee00000| Untracked 
|  42|0x000000070f000000, 0x000000070f000000, 0x000000070f200000|  0%| F|  |TAMS 0x000000070f000000, 0x000000070f000000| Untracked 
|  43|0x000000070f200000, 0x000000070f200000, 0x000000070f400000|  0%| F|  |TAMS 0x000000070f200000, 0x000000070f200000| Untracked 
|  44|0x000000070f400000, 0x000000070f400000, 0x000000070f600000|  0%| F|  |TAMS 0x000000070f400000, 0x000000070f400000| Untracked 
|  45|0x000000070f600000, 0x000000070f600000, 0x000000070f800000|  0%| F|  |TAMS 0x000000070f600000, 0x000000070f600000| Untracked 
|  46|0x000000070f800000, 0x000000070f800000, 0x000000070fa00000|  0%| F|  |TAMS 0x000000070f800000, 0x000000070f800000| Untracked 
|  47|0x000000070fa00000, 0x000000070fa00000, 0x000000070fc00000|  0%| F|  |TAMS 0x000000070fa00000, 0x000000070fa00000| Untracked 
|  48|0x000000070fc00000, 0x000000070fc00000, 0x000000070fe00000|  0%| F|  |TAMS 0x000000070fc00000, 0x000000070fc00000| Untracked 
|  49|0x000000070fe00000, 0x000000070fe00000, 0x0000000710000000|  0%| F|  |TAMS 0x000000070fe00000, 0x000000070fe00000| Untracked 
|  50|0x0000000710000000, 0x0000000710000000, 0x0000000710200000|  0%| F|  |TAMS 0x0000000710000000, 0x0000000710000000| Untracked 
|  51|0x0000000710200000, 0x0000000710200000, 0x0000000710400000|  0%| F|  |TAMS 0x0000000710200000, 0x0000000710200000| Untracked 
|  52|0x0000000710400000, 0x0000000710400000, 0x0000000710600000|  0%| F|  |TAMS 0x0000000710400000, 0x0000000710400000| Untracked 
|  53|0x0000000710600000, 0x0000000710600000, 0x0000000710800000|  0%| F|  |TAMS 0x0000000710600000, 0x0000000710600000| Untracked 
|  54|0x0000000710800000, 0x0000000710800000, 0x0000000710a00000|  0%| F|  |TAMS 0x0000000710800000, 0x0000000710800000| Untracked 
|  55|0x0000000710a00000, 0x0000000710a00000, 0x0000000710c00000|  0%| F|  |TAMS 0x0000000710a00000, 0x0000000710a00000| Untracked 
|  56|0x0000000710c00000, 0x0000000710c00000, 0x0000000710e00000|  0%| F|  |TAMS 0x0000000710c00000, 0x0000000710c00000| Untracked 
|  57|0x0000000710e00000, 0x0000000710e00000, 0x0000000711000000|  0%| F|  |TAMS 0x0000000710e00000, 0x0000000710e00000| Untracked 
|  58|0x0000000711000000, 0x0000000711000000, 0x0000000711200000|  0%| F|  |TAMS 0x0000000711000000, 0x0000000711000000| Untracked 
|  59|0x0000000711200000, 0x0000000711200000, 0x0000000711400000|  0%| F|  |TAMS 0x0000000711200000, 0x0000000711200000| Untracked 
|  60|0x0000000711400000, 0x0000000711400000, 0x0000000711600000|  0%| F|  |TAMS 0x0000000711400000, 0x0000000711400000| Untracked 
|  61|0x0000000711600000, 0x0000000711600000, 0x0000000711800000|  0%| F|  |TAMS 0x0000000711600000, 0x0000000711600000| Untracked 
|  62|0x0000000711800000, 0x0000000711800000, 0x0000000711a00000|  0%| F|  |TAMS 0x0000000711800000, 0x0000000711800000| Untracked 
|  63|0x0000000711a00000, 0x0000000711a00000, 0x0000000711c00000|  0%| F|  |TAMS 0x0000000711a00000, 0x0000000711a00000| Untracked 
|  64|0x0000000711c00000, 0x0000000711c00000, 0x0000000711e00000|  0%| F|  |TAMS 0x0000000711c00000, 0x0000000711c00000| Untracked 
|  65|0x0000000711e00000, 0x0000000711e00000, 0x0000000712000000|  0%| F|  |TAMS 0x0000000711e00000, 0x0000000711e00000| Untracked 
|  66|0x0000000712000000, 0x0000000712000000, 0x0000000712200000|  0%| F|  |TAMS 0x0000000712000000, 0x0000000712000000| Untracked 
|  67|0x0000000712200000, 0x0000000712200000, 0x0000000712400000|  0%| F|  |TAMS 0x0000000712200000, 0x0000000712200000| Untracked 
|  68|0x0000000712400000, 0x0000000712400000, 0x0000000712600000|  0%| F|  |TAMS 0x0000000712400000, 0x0000000712400000| Untracked 
|  69|0x0000000712600000, 0x0000000712600000, 0x0000000712800000|  0%| F|  |TAMS 0x0000000712600000, 0x0000000712600000| Untracked 
|  70|0x0000000712800000, 0x0000000712800000, 0x0000000712a00000|  0%| F|  |TAMS 0x0000000712800000, 0x0000000712800000| Untracked 
|  71|0x0000000712a00000, 0x0000000712a00000, 0x0000000712c00000|  0%| F|  |TAMS 0x0000000712a00000, 0x0000000712a00000| Untracked 
|  72|0x0000000712c00000, 0x0000000712c00000, 0x0000000712e00000|  0%| F|  |TAMS 0x0000000712c00000, 0x0000000712c00000| Untracked 
|  73|0x0000000712e00000, 0x0000000712e00000, 0x0000000713000000|  0%| F|  |TAMS 0x0000000712e00000, 0x0000000712e00000| Untracked 
|  74|0x0000000713000000, 0x0000000713000000, 0x0000000713200000|  0%| F|  |TAMS 0x0000000713000000, 0x0000000713000000| Untracked 
|  75|0x0000000713200000, 0x0000000713200000, 0x0000000713400000|  0%| F|  |TAMS 0x0000000713200000, 0x0000000713200000| Untracked 
|  76|0x0000000713400000, 0x0000000713400000, 0x0000000713600000|  0%| F|  |TAMS 0x0000000713400000, 0x0000000713400000| Untracked 
|  77|0x0000000713600000, 0x0000000713600000, 0x0000000713800000|  0%| F|  |TAMS 0x0000000713600000, 0x0000000713600000| Untracked 
|  78|0x0000000713800000, 0x0000000713800000, 0x0000000713a00000|  0%| F|  |TAMS 0x0000000713800000, 0x0000000713800000| Untracked 
|  79|0x0000000713a00000, 0x0000000713a00000, 0x0000000713c00000|  0%| F|  |TAMS 0x0000000713a00000, 0x0000000713a00000| Untracked 
|  80|0x0000000713c00000, 0x0000000713c00000, 0x0000000713e00000|  0%| F|  |TAMS 0x0000000713c00000, 0x0000000713c00000| Untracked 
|  81|0x0000000713e00000, 0x0000000713e00000, 0x0000000714000000|  0%| F|  |TAMS 0x0000000713e00000, 0x0000000713e00000| Untracked 
|  82|0x0000000714000000, 0x0000000714000000, 0x0000000714200000|  0%| F|  |TAMS 0x0000000714000000, 0x0000000714000000| Untracked 
|  83|0x0000000714200000, 0x0000000714200000, 0x0000000714400000|  0%| F|  |TAMS 0x0000000714200000, 0x0000000714200000| Untracked 
|  84|0x0000000714400000, 0x0000000714400000, 0x0000000714600000|  0%| F|  |TAMS 0x0000000714400000, 0x0000000714400000| Untracked 
|  85|0x0000000714600000, 0x0000000714600000, 0x0000000714800000|  0%| F|  |TAMS 0x0000000714600000, 0x0000000714600000| Untracked 
|  86|0x0000000714800000, 0x0000000714800000, 0x0000000714a00000|  0%| F|  |TAMS 0x0000000714800000, 0x0000000714800000| Untracked 
|  87|0x0000000714a00000, 0x0000000714a00000, 0x0000000714c00000|  0%| F|  |TAMS 0x0000000714a00000, 0x0000000714a00000| Untracked 
|  88|0x0000000714c00000, 0x0000000714c00000, 0x0000000714e00000|  0%| F|  |TAMS 0x0000000714c00000, 0x0000000714c00000| Untracked 
|  89|0x0000000714e00000, 0x0000000714e00000, 0x0000000715000000|  0%| F|  |TAMS 0x0000000714e00000, 0x0000000714e00000| Untracked 
|  90|0x0000000715000000, 0x0000000715000000, 0x0000000715200000|  0%| F|  |TAMS 0x0000000715000000, 0x0000000715000000| Untracked 
|  91|0x0000000715200000, 0x0000000715200000, 0x0000000715400000|  0%| F|  |TAMS 0x0000000715200000, 0x0000000715200000| Untracked 
|  92|0x0000000715400000, 0x0000000715400000, 0x0000000715600000|  0%| F|  |TAMS 0x0000000715400000, 0x0000000715400000| Untracked 
|  93|0x0000000715600000, 0x0000000715600000, 0x0000000715800000|  0%| F|  |TAMS 0x0000000715600000, 0x0000000715600000| Untracked 
|  94|0x0000000715800000, 0x0000000715800000, 0x0000000715a00000|  0%| F|  |TAMS 0x0000000715800000, 0x0000000715800000| Untracked 
|  95|0x0000000715a00000, 0x0000000715a00000, 0x0000000715c00000|  0%| F|  |TAMS 0x0000000715a00000, 0x0000000715a00000| Untracked 
|  96|0x0000000715c00000, 0x0000000715c00000, 0x0000000715e00000|  0%| F|  |TAMS 0x0000000715c00000, 0x0000000715c00000| Untracked 
|  97|0x0000000715e00000, 0x0000000715e00000, 0x0000000716000000|  0%| F|  |TAMS 0x0000000715e00000, 0x0000000715e00000| Untracked 
|  98|0x0000000716000000, 0x0000000716000000, 0x0000000716200000|  0%| F|  |TAMS 0x0000000716000000, 0x0000000716000000| Untracked 
|  99|0x0000000716200000, 0x0000000716200000, 0x0000000716400000|  0%| F|  |TAMS 0x0000000716200000, 0x0000000716200000| Untracked 
| 100|0x0000000716400000, 0x0000000716400000, 0x0000000716600000|  0%| F|  |TAMS 0x0000000716400000, 0x0000000716400000| Untracked 
| 101|0x0000000716600000, 0x0000000716600000, 0x0000000716800000|  0%| F|  |TAMS 0x0000000716600000, 0x0000000716600000| Untracked 
| 102|0x0000000716800000, 0x0000000716800000, 0x0000000716a00000|  0%| F|  |TAMS 0x0000000716800000, 0x0000000716800000| Untracked 
| 103|0x0000000716a00000, 0x0000000716a00000, 0x0000000716c00000|  0%| F|  |TAMS 0x0000000716a00000, 0x0000000716a00000| Untracked 
| 104|0x0000000716c00000, 0x0000000716c00000, 0x0000000716e00000|  0%| F|  |TAMS 0x0000000716c00000, 0x0000000716c00000| Untracked 
| 105|0x0000000716e00000, 0x0000000716e00000, 0x0000000717000000|  0%| F|  |TAMS 0x0000000716e00000, 0x0000000716e00000| Untracked 
| 106|0x0000000717000000, 0x0000000717000000, 0x0000000717200000|  0%| F|  |TAMS 0x0000000717000000, 0x0000000717000000| Untracked 
| 107|0x0000000717200000, 0x0000000717200000, 0x0000000717400000|  0%| F|  |TAMS 0x0000000717200000, 0x0000000717200000| Untracked 
| 108|0x0000000717400000, 0x0000000717400000, 0x0000000717600000|  0%| F|  |TAMS 0x0000000717400000, 0x0000000717400000| Untracked 
| 109|0x0000000717600000, 0x0000000717600000, 0x0000000717800000|  0%| F|  |TAMS 0x0000000717600000, 0x0000000717600000| Untracked 
| 110|0x0000000717800000, 0x0000000717800000, 0x0000000717a00000|  0%| F|  |TAMS 0x0000000717800000, 0x0000000717800000| Untracked 
| 111|0x0000000717a00000, 0x0000000717b36090, 0x0000000717c00000| 60%| S|CS|TAMS 0x0000000717a00000, 0x0000000717a00000| Complete 
| 112|0x0000000717c00000, 0x0000000717e00000, 0x0000000717e00000|100%| S|CS|TAMS 0x0000000717c00000, 0x0000000717c00000| Complete 
| 113|0x0000000717e00000, 0x0000000717e00000, 0x0000000718000000|  0%| F|  |TAMS 0x0000000717e00000, 0x0000000717e00000| Untracked 
| 114|0x0000000718000000, 0x0000000718000000, 0x0000000718200000|  0%| F|  |TAMS 0x0000000718000000, 0x0000000718000000| Untracked 
| 115|0x0000000718200000, 0x0000000718200000, 0x0000000718400000|  0%| F|  |TAMS 0x0000000718200000, 0x0000000718200000| Untracked 
| 116|0x0000000718400000, 0x0000000718400000, 0x0000000718600000|  0%| F|  |TAMS 0x0000000718400000, 0x0000000718400000| Untracked 
| 117|0x0000000718600000, 0x0000000718600000, 0x0000000718800000|  0%| F|  |TAMS 0x0000000718600000, 0x0000000718600000| Untracked 
| 118|0x0000000718800000, 0x0000000718800000, 0x0000000718a00000|  0%| F|  |TAMS 0x0000000718800000, 0x0000000718800000| Untracked 
| 119|0x0000000718a00000, 0x0000000718a00000, 0x0000000718c00000|  0%| F|  |TAMS 0x0000000718a00000, 0x0000000718a00000| Untracked 
| 120|0x0000000718c00000, 0x0000000718c00000, 0x0000000718e00000|  0%| F|  |TAMS 0x0000000718c00000, 0x0000000718c00000| Untracked 
| 121|0x0000000718e00000, 0x0000000719000000, 0x0000000719000000|100%| E|  |TAMS 0x0000000718e00000, 0x0000000718e00000| Complete 
| 122|0x0000000719000000, 0x0000000719200000, 0x0000000719200000|100%| E|  |TAMS 0x0000000719000000, 0x0000000719000000| Complete 
| 123|0x0000000719200000, 0x0000000719400000, 0x0000000719400000|100%| E|CS|TAMS 0x0000000719200000, 0x0000000719200000| Complete 

Card table byte_map: [0x00000194e7020000,0x00000194e77e0000] _byte_map_base: 0x00000194e37d2000

Marking Bits (Prev, Next): (CMBitMap*) 0x00000194d4920750, (CMBitMap*) 0x00000194d4920790
 Prev Bits: [0x00000194e7fa0000, 0x00000194ebd30000)
 Next Bits: [0x00000194ebd30000, 0x00000194efac0000)

Polling page: 0x00000194d4070000

Metaspace:

Usage:
  Non-class:     15.22 MB used.
      Class:      1.26 MB used.
       Both:     16.48 MB used.

Virtual space:
  Non-class space:       64.00 MB reserved,      15.31 MB ( 24%) committed,  1 nodes.
      Class space:        1.00 GB reserved,       1.31 MB ( <1%) committed,  1 nodes.
             Both:        1.06 GB reserved,      16.62 MB (  2%) committed. 

Chunk freelists:
   Non-Class:  608.00 KB
       Class:  14.50 MB
        Both:  15.10 MB

MaxMetaspaceSize: unlimited
CompressedClassSpaceSize: 1.00 GB
Initial GC threshold: 21.00 MB
Current GC threshold: 21.00 MB
CDS: off
MetaspaceReclaimPolicy: balanced
 - commit_granule_bytes: 65536.
 - commit_granule_words: 8192.
 - virtual_space_node_default_size: 8388608.
 - enlarge_chunks_in_place: 1.
 - new_chunks_are_fully_committed: 0.
 - uncommit_free_chunks: 1.
 - use_allocation_guard: 0.
 - handle_deallocations: 1.


Internal statistics:

num_allocs_failed_limit: 0.
num_arena_births: 76.
num_arena_deaths: 0.
num_vsnodes_births: 2.
num_vsnodes_deaths: 0.
num_space_committed: 264.
num_space_uncommitted: 0.
num_chunks_returned_to_freelist: 0.
num_chunks_taken_from_freelist: 400.
num_chunk_merges: 0.
num_chunk_splits: 309.
num_chunks_enlarged: 264.
num_inconsistent_stats: 0.

CodeHeap 'non-profiled nmethods': size=120000Kb used=358Kb max_used=358Kb free=119641Kb
 bounds [0x00000194df000000, 0x00000194df270000, 0x00000194e6530000]
CodeHeap 'profiled nmethods': size=120000Kb used=1908Kb max_used=1908Kb free=118091Kb
 bounds [0x00000194d7530000, 0x00000194d77a0000, 0x00000194dea60000]
CodeHeap 'non-nmethods': size=5760Kb used=1836Kb max_used=1847Kb free=3923Kb
 bounds [0x00000194dea60000, 0x00000194decd0000, 0x00000194df000000]
 total_blobs=2301 nmethods=1054 adapters=1160
 compilation: enabled
              stopped_count=0, restarted_count=0
 full_count=0

Compilation events (20 events):
Event: 11.621 Thread 0x00000194f25e9760 nmethod 1039 0x00000194df055190 code [0x00000194df055320, 0x00000194df0553f8]
Event: 11.621 Thread 0x00000194f25e9760 1040       1       Burst.Engine.Source.Core.Assets.Graphics.Sprite::getWidth (5 bytes)
Event: 11.621 Thread 0x00000194f25e9760 nmethod 1040 0x00000194df055490 code [0x00000194df055620, 0x00000194df0556f8]
Event: 11.621 Thread 0x00000194f25e9760 1043       3       imgui.ImVec2::<init> (5 bytes)
Event: 11.621 Thread 0x00000194f25e9760 nmethod 1043 0x00000194d770b410 code [0x00000194d770b5a0, 0x00000194d770b6f8]
Event: 11.621 Thread 0x00000194f25e9760 1047       3       Burst.Engine.Source.Core.Assets.Graphics.Spritesheet::getSprite (14 bytes)
Event: 11.621 Thread 0x00000194f25e9760 nmethod 1047 0x00000194d770b790 code [0x00000194d770b940, 0x00000194d770bc28]
Event: 11.621 Thread 0x00000194f25e9760 1048       3       Burst.Engine.Source.Core.Assets.Graphics.Sprite::getTexId (19 bytes)
Event: 11.622 Thread 0x00000194f25e9760 nmethod 1048 0x00000194d770bd10 code [0x00000194d770bec0, 0x00000194d770c078]
Event: 11.622 Thread 0x00000194f25e9760 1041       1       Burst.Engine.Source.Core.Assets.Graphics.Sprite::getHeight (5 bytes)
Event: 11.622 Thread 0x00000194f25e9760 nmethod 1041 0x00000194df056c10 code [0x00000194df056da0, 0x00000194df056e78]
Event: 11.623 Thread 0x00000194f25e9760 1051       3       java.util.concurrent.ConcurrentHashMap$BaseIterator::<init> (21 bytes)
Event: 11.623 Thread 0x00000194f25e9760 nmethod 1051 0x00000194d770c110 code [0x00000194d770c2c0, 0x00000194d770c4d8]
Event: 11.623 Thread 0x00000194f25e9760 1052       3       java.util.concurrent.ConcurrentHashMap$Traverser::<init> (36 bytes)
Event: 11.623 Thread 0x00000194f25e9760 nmethod 1052 0x00000194d770c590 code [0x00000194d770c720, 0x00000194d770c938]
Event: 11.623 Thread 0x00000194f25e9760 1053       3       java.util.concurrent.ConcurrentHashMap$ValueIterator::<init> (12 bytes)
Event: 11.623 Thread 0x00000194f25e9760 nmethod 1053 0x00000194d770ca10 code [0x00000194d770cba0, 0x00000194d770cd28]
Event: 11.627 Thread 0x00000194f25e8db0 nmethod 1030 0x00000194df056f10 code [0x00000194df057220, 0x00000194df0587a8]
Event: 11.674 Thread 0x00000194f25e9760 1054       3       org.lwjgl.system.MemoryStack::stackGet (10 bytes)
Event: 11.674 Thread 0x00000194f25e9760 nmethod 1054 0x00000194d770ce10 code [0x00000194d770cfc0, 0x00000194d770d268]

GC Heap History (2 events):
Event: 11.428 GC heap before
{Heap before GC invocations=0 (full 0):
 garbage-first heap   total 253952K, used 20480K [0x0000000709c00000, 0x0000000800000000)
  region size 2048K, 11 young (22528K), 0 survivors (0K)
 Metaspace       used 14168K, committed 14400K, reserved 1114112K
  class space    used 1090K, committed 1216K, reserved 1048576K
}
Event: 11.431 GC heap after
{Heap after GC invocations=1 (full 0):
 garbage-first heap   total 253952K, used 3288K [0x0000000709c00000, 0x0000000800000000)
  region size 2048K, 2 young (4096K), 2 survivors (4096K)
 Metaspace       used 14168K, committed 14400K, reserved 1114112K
  class space    used 1090K, committed 1216K, reserved 1048576K
}

Dll operation events (10 events):
Event: 0.006 Loaded shared library C:\Users\schue\.vscode-insiders\extensions\redhat.java-1.18.0-win32-x64\jre\17.0.7-win32-x86_64\bin\java.dll
Event: 0.425 Loaded shared library C:\Users\schue\.vscode-insiders\extensions\redhat.java-1.18.0-win32-x64\jre\17.0.7-win32-x86_64\bin\net.dll
Event: 0.426 Loaded shared library C:\Users\schue\.vscode-insiders\extensions\redhat.java-1.18.0-win32-x64\jre\17.0.7-win32-x86_64\bin\nio.dll
Event: 0.436 Loaded shared library C:\Users\schue\.vscode-insiders\extensions\redhat.java-1.18.0-win32-x64\jre\17.0.7-win32-x86_64\bin\zip.dll
Event: 0.483 Loaded shared library C:\Users\schue\.vscode-insiders\extensions\redhat.java-1.18.0-win32-x64\jre\17.0.7-win32-x86_64\bin\jimage.dll
Event: 0.545 Loaded shared library C:\Users\schue\AppData\Local\Temp\lwjglschue\3.2.3-build-13\lwjgl.dll
Event: 1.044 Loaded shared library C:\Users\schue\AppData\Local\Temp\lwjglschue\3.2.3-build-13\lwjgl_opengl.dll
Event: 1.278 Loaded shared library C:\Users\schue\AppData\Local\Temp\lwjglschue\3.2.3-build-13\lwjgl_stb.dll
Event: 1.359 Loaded shared library C:\Users\schue\AppData\Local\Temp\imgui-java-natives_1684240776121\imgui-java64.dll
Event: 1.415 Loaded shared library C:\Users\schue\.vscode-insiders\extensions\redhat.java-1.18.0-win32-x64\jre\17.0.7-win32-x86_64\bin\verify.dll

Deoptimization events (20 events):
Event: 1.299 Thread 0x00000194d48b3840 DEOPT PACKING pc=0x00000194df02d884 sp=0x00000003366fe600
Event: 1.299 Thread 0x00000194d48b3840 DEOPT UNPACKING pc=0x00000194deab69a3 sp=0x00000003366fe5c0 mode 2
Event: 11.378 Thread 0x00000194d48b3840 DEOPT PACKING pc=0x00000194d7561f86 sp=0x00000003366fdfb0
Event: 11.378 Thread 0x00000194d48b3840 DEOPT UNPACKING pc=0x00000194deab7143 sp=0x00000003366fd420 mode 0
Event: 11.440 Thread 0x00000194d48b3840 Uncommon trap: trap_request=0xffffff45 fr.pc=0x00000194df037638 relative=0x0000000000000278
Event: 11.440 Thread 0x00000194d48b3840 Uncommon trap: reason=unstable_if action=reinterpret pc=0x00000194df037638 method=java.util.HashMap.getNode(Ljava/lang/Object;)Ljava/util/HashMap$Node; @ 66 c2
Event: 11.440 Thread 0x00000194d48b3840 DEOPT PACKING pc=0x00000194df037638 sp=0x00000003366fef10
Event: 11.440 Thread 0x00000194d48b3840 DEOPT UNPACKING pc=0x00000194deab69a3 sp=0x00000003366fee50 mode 2
Event: 11.452 Thread 0x00000194d48b3840 Uncommon trap: trap_request=0xffffff45 fr.pc=0x00000194df034b38 relative=0x0000000000000278
Event: 11.452 Thread 0x00000194d48b3840 Uncommon trap: reason=unstable_if action=reinterpret pc=0x00000194df034b38 method=java.util.HashMap.getNode(Ljava/lang/Object;)Ljava/util/HashMap$Node; @ 66 c2
Event: 11.452 Thread 0x00000194d48b3840 DEOPT PACKING pc=0x00000194df034b38 sp=0x00000003366fe060
Event: 11.452 Thread 0x00000194d48b3840 DEOPT UNPACKING pc=0x00000194deab69a3 sp=0x00000003366fe000 mode 2
Event: 11.494 Thread 0x00000194d48b3840 Uncommon trap: trap_request=0xffffff45 fr.pc=0x00000194df03430c relative=0x00000000000004ec
Event: 11.494 Thread 0x00000194d48b3840 Uncommon trap: reason=unstable_if action=reinterpret pc=0x00000194df03430c method=java.lang.StringLatin1.newString([BII)Ljava/lang/String; @ 1 c2
Event: 11.494 Thread 0x00000194d48b3840 DEOPT PACKING pc=0x00000194df03430c sp=0x00000003366fef10
Event: 11.494 Thread 0x00000194d48b3840 DEOPT UNPACKING pc=0x00000194deab69a3 sp=0x00000003366feea0 mode 2
Event: 11.495 Thread 0x00000194d48b3840 Uncommon trap: trap_request=0xffffff45 fr.pc=0x00000194df029f88 relative=0x0000000000000368
Event: 11.495 Thread 0x00000194d48b3840 Uncommon trap: reason=unstable_if action=reinterpret pc=0x00000194df029f88 method=java.lang.StringLatin1.newString([BII)Ljava/lang/String; @ 1 c2
Event: 11.495 Thread 0x00000194d48b3840 DEOPT PACKING pc=0x00000194df029f88 sp=0x00000003366feea0
Event: 11.495 Thread 0x00000194d48b3840 DEOPT UNPACKING pc=0x00000194deab69a3 sp=0x00000003366feea0 mode 2

Classes unloaded (0 events):
No events

Classes redefined (0 events):
No events

Internal exceptions (20 events):
Event: 0.519 Thread 0x00000194d48b3840 Exception <a 'java/lang/NoSuchMethodError'{0x0000000718e10498}: 'void java.lang.invoke.DelegatingMethodHandle$Holder.delegate(java.lang.Object, java.lang.Object, int, java.lang.Object)'> (0x0000000718e10498) 
thrown [s\src\hotspot\share\interpreter\linkResolver.cpp, line 759]
Event: 0.520 Thread 0x00000194d48b3840 Exception <a 'java/lang/NoSuchMethodError'{0x0000000718e146d8}: 'int java.lang.invoke.DirectMethodHandle$Holder.invokeSpecial(java.lang.Object, java.lang.Object, java.lang.Object)'> (0x0000000718e146d8) 
thrown [s\src\hotspot\share\interpreter\linkResolver.cpp, line 759]
Event: 0.550 Thread 0x00000194d48b3840 Exception <a 'sun/nio/fs/WindowsException'{0x0000000718e78248}> (0x0000000718e78248) 
thrown [s\src\hotspot\share\prims\jni.cpp, line 516]
Event: 0.550 Thread 0x00000194d48b3840 Exception <a 'sun/nio/fs/WindowsException'{0x0000000718e787a0}> (0x0000000718e787a0) 
thrown [s\src\hotspot\share\prims\jni.cpp, line 516]
Event: 0.580 Thread 0x00000194d48b3840 Exception <a 'sun/nio/fs/WindowsException'{0x0000000718f7af58}> (0x0000000718f7af58) 
thrown [s\src\hotspot\share\prims\jni.cpp, line 516]
Event: 0.580 Thread 0x00000194d48b3840 Exception <a 'sun/nio/fs/WindowsException'{0x0000000718f7b2c8}> (0x0000000718f7b2c8) 
thrown [s\src\hotspot\share\prims\jni.cpp, line 516]
Event: 0.866 Thread 0x00000194d48b3840 Exception <a 'java/lang/NoSuchMethodError'{0x0000000718fe1998}: 'void java.lang.invoke.DirectMethodHandle$Holder.invokeStaticInit(java.lang.Object, long, double, double)'> (0x0000000718fe1998) 
thrown [s\src\hotspot\share\interpreter\linkResolver.cpp, line 759]
Event: 0.871 Thread 0x00000194d48b3840 Exception <a 'java/lang/NoSuchMethodError'{0x0000000718ff11a0}: 'void java.lang.invoke.DirectMethodHandle$Holder.invokeStaticInit(java.lang.Object, long, int, int, int)'> (0x0000000718ff11a0) 
thrown [s\src\hotspot\share\interpreter\linkResolver.cpp, line 759]
Event: 0.875 Thread 0x00000194d48b3840 Exception <a 'java/lang/NoSuchMethodError'{0x0000000718c0b348}: 'void java.lang.invoke.DirectMethodHandle$Holder.invokeStaticInit(java.lang.Object, long, int, int, int, int)'> (0x0000000718c0b348) 
thrown [s\src\hotspot\share\interpreter\linkResolver.cpp, line 759]
Event: 0.877 Thread 0x00000194d48b3840 Exception <a 'java/lang/NoSuchMethodError'{0x0000000718c17550}: 'void java.lang.invoke.DirectMethodHandle$Holder.invokeStatic(java.lang.Object, long, int, int)'> (0x0000000718c17550) 
thrown [s\src\hotspot\share\interpreter\linkResolver.cpp, line 759]
Event: 0.935 Thread 0x00000194d48b3840 Exception <a 'sun/nio/fs/WindowsException'{0x0000000718c4afd0}> (0x0000000718c4afd0) 
thrown [s\src\hotspot\share\prims\jni.cpp, line 516]
Event: 0.935 Thread 0x00000194d48b3840 Exception <a 'sun/nio/fs/WindowsException'{0x0000000718c4b358}> (0x0000000718c4b358) 
thrown [s\src\hotspot\share\prims\jni.cpp, line 516]
Event: 1.043 Thread 0x00000194d48b3840 Exception <a 'sun/nio/fs/WindowsException'{0x0000000718d46db0}> (0x0000000718d46db0) 
thrown [s\src\hotspot\share\prims\jni.cpp, line 516]
Event: 1.043 Thread 0x00000194d48b3840 Exception <a 'sun/nio/fs/WindowsException'{0x0000000718d47160}> (0x0000000718d47160) 
thrown [s\src\hotspot\share\prims\jni.cpp, line 516]
Event: 1.047 Thread 0x00000194d48b3840 Exception <a 'sun/nio/fs/WindowsException'{0x0000000718d4f378}> (0x0000000718d4f378) 
thrown [s\src\hotspot\share\prims\jni.cpp, line 516]
Event: 1.047 Thread 0x00000194d48b3840 Exception <a 'sun/nio/fs/WindowsException'{0x0000000718d4f660}> (0x0000000718d4f660) 
thrown [s\src\hotspot\share\prims\jni.cpp, line 516]
Event: 1.277 Thread 0x00000194d48b3840 Exception <a 'sun/nio/fs/WindowsException'{0x000000071858f318}> (0x000000071858f318) 
thrown [s\src\hotspot\share\prims\jni.cpp, line 516]
Event: 1.277 Thread 0x00000194d48b3840 Exception <a 'sun/nio/fs/WindowsException'{0x000000071858f6a0}> (0x000000071858f6a0) 
thrown [s\src\hotspot\share\prims\jni.cpp, line 516]
Event: 1.299 Thread 0x00000194d48b3840 Exception <a 'sun/nio/fs/WindowsException'{0x0000000718277350}> (0x0000000718277350) 
thrown [s\src\hotspot\share\prims\jni.cpp, line 516]
Event: 1.383 Thread 0x00000194d48b3840 Exception <a 'java/lang/NoSuchMethodError'{0x00000007182fb760}: 'void java.lang.invoke.DirectMethodHandle$Holder.invokeVirtual(java.lang.Object, java.lang.Object, long, int)'> (0x00000007182fb760) 
thrown [s\src\hotspot\share\interpreter\linkResolver.cpp, line 759]

VM Operations (20 events):
Event: 0.082 Executing VM operation: ChangeBreakpoints
Event: 0.083 Executing VM operation: ChangeBreakpoints done
Event: 0.437 Executing VM operation: HandshakeAllThreads
Event: 0.437 Executing VM operation: HandshakeAllThreads done
Event: 1.034 Executing VM operation: HandshakeAllThreads
Event: 1.034 Executing VM operation: HandshakeAllThreads done
Event: 1.412 Executing VM operation: ChangeBreakpoints
Event: 1.413 Executing VM operation: ChangeBreakpoints done
Event: 1.527 Executing VM operation: get/set locals
Event: 1.527 Executing VM operation: get/set locals done
Event: 1.884 Executing VM operation: get/set locals
Event: 1.884 Executing VM operation: get/set locals done
Event: 8.028 Executing VM operation: ChangeBreakpoints
Event: 8.028 Executing VM operation: ChangeBreakpoints done
Event: 11.403 Executing VM operation: HandshakeAllThreads
Event: 11.403 Executing VM operation: HandshakeAllThreads done
Event: 11.403 Executing VM operation: Cleanup
Event: 11.403 Executing VM operation: Cleanup done
Event: 11.428 Executing VM operation: G1CollectForAllocation
Event: 11.431 Executing VM operation: G1CollectForAllocation done

Events (20 events):
Event: 11.492 loading class java/io/FilenameFilter
Event: 11.492 loading class java/io/FilenameFilter done
Event: 11.494 loading class java/util/regex/Pattern$GroupCurly
Event: 11.494 loading class java/util/regex/Pattern$GroupCurly done
Event: 11.494 loading class java/util/ArrayList$SubList
Event: 11.494 loading class java/util/ArrayList$SubList done
Event: 11.504 loading class java/util/ComparableTimSort
Event: 11.504 loading class java/util/ComparableTimSort done
Event: 11.523 loading class java/text/DecimalFormat
Event: 11.523 loading class java/text/NumberFormat
Event: 11.524 loading class java/text/NumberFormat done
Event: 11.524 loading class java/text/DecimalFormat done
Event: 11.524 loading class java/text/FieldPosition
Event: 11.524 loading class java/text/FieldPosition done
Event: 11.524 loading class java/text/DigitList
Event: 11.524 loading class java/text/DigitList done
Event: 11.524 loading class java/math/RoundingMode
Event: 11.524 loading class java/math/RoundingMode done
Event: 11.538 loading class jdk/internal/access/foreign/MemorySegmentProxy
Event: 11.538 loading class jdk/internal/access/foreign/MemorySegmentProxy done


Dynamic libraries:
0x00007ff64b920000 - 0x00007ff64b92e000 	C:\Users\schue\.vscode-insiders\extensions\redhat.java-1.18.0-win32-x64\jre\17.0.7-win32-x86_64\bin\java.exe
0x00007ff8bdd90000 - 0x00007ff8bdfa4000 	C:\WINDOWS\SYSTEM32\ntdll.dll
0x00007ff8bc4e0000 - 0x00007ff8bc5a3000 	C:\WINDOWS\System32\KERNEL32.DLL
0x00007ff8bb360000 - 0x00007ff8bb6fc000 	C:\WINDOWS\System32\KERNELBASE.dll
0x00007ff8bb870000 - 0x00007ff8bb981000 	C:\WINDOWS\System32\ucrtbase.dll
0x00007ff8b6260000 - 0x00007ff8b6277000 	C:\Users\schue\.vscode-insiders\extensions\redhat.java-1.18.0-win32-x64\jre\17.0.7-win32-x86_64\bin\jli.dll
0x00007ff8b5cb0000 - 0x00007ff8b5cc9000 	C:\Users\schue\.vscode-insiders\extensions\redhat.java-1.18.0-win32-x64\jre\17.0.7-win32-x86_64\bin\VCRUNTIME140.dll
0x00007ff8bc870000 - 0x00007ff8bca1d000 	C:\WINDOWS\System32\USER32.dll
0x00007ff8bb270000 - 0x00007ff8bb296000 	C:\WINDOWS\System32\win32u.dll
0x00007ff89d5e0000 - 0x00007ff89d86e000 	C:\WINDOWS\WinSxS\amd64_microsoft.windows.common-controls_6595b64144ccf1df_6.0.22621.608_none_a9444ca7c10bb01d\COMCTL32.dll
0x00007ff8bd720000 - 0x00007ff8bd749000 	C:\WINDOWS\System32\GDI32.dll
0x00007ff8bba80000 - 0x00007ff8bbb92000 	C:\WINDOWS\System32\gdi32full.dll
0x00007ff8bbe80000 - 0x00007ff8bbf27000 	C:\WINDOWS\System32\msvcrt.dll
0x00007ff8bb1d0000 - 0x00007ff8bb26a000 	C:\WINDOWS\System32\msvcp_win.dll
0x00007ff8bd750000 - 0x00007ff8bd782000 	C:\WINDOWS\System32\IMM32.DLL
0x00007ff8b6290000 - 0x00007ff8b629c000 	C:\Users\schue\.vscode-insiders\extensions\redhat.java-1.18.0-win32-x64\jre\17.0.7-win32-x86_64\bin\vcruntime140_1.dll
0x00007ff87c080000 - 0x00007ff87c111000 	C:\Users\schue\.vscode-insiders\extensions\redhat.java-1.18.0-win32-x64\jre\17.0.7-win32-x86_64\bin\msvcp140.dll
0x00007ff87b430000 - 0x00007ff87c078000 	C:\Users\schue\.vscode-insiders\extensions\redhat.java-1.18.0-win32-x64\jre\17.0.7-win32-x86_64\bin\server\jvm.dll
0x00007ff8bc5b0000 - 0x00007ff8bc65e000 	C:\WINDOWS\System32\ADVAPI32.dll
0x00007ff8bc6b0000 - 0x00007ff8bc754000 	C:\WINDOWS\System32\sechost.dll
0x00007ff8bdc30000 - 0x00007ff8bdd45000 	C:\WINDOWS\System32\RPCRT4.dll
0x00007ff8ad120000 - 0x00007ff8ad154000 	C:\WINDOWS\SYSTEM32\WINMM.dll
0x00007ff8b42b0000 - 0x00007ff8b42ba000 	C:\WINDOWS\SYSTEM32\VERSION.dll
0x00007ff89c970000 - 0x00007ff89c979000 	C:\WINDOWS\SYSTEM32\WSOCK32.dll
0x00007ff8bc760000 - 0x00007ff8bc7d1000 	C:\WINDOWS\System32\WS2_32.dll
0x00007ff8ba220000 - 0x00007ff8ba238000 	C:\WINDOWS\SYSTEM32\kernel.appcore.dll
0x00007ff8b6230000 - 0x00007ff8b623a000 	C:\Users\schue\.vscode-insiders\extensions\redhat.java-1.18.0-win32-x64\jre\17.0.7-win32-x86_64\bin\jimage.dll
0x00007ff8b8ae0000 - 0x00007ff8b8d0e000 	C:\WINDOWS\SYSTEM32\DBGHELP.DLL
0x00007ff8bbf30000 - 0x00007ff8bc2ba000 	C:\WINDOWS\System32\combase.dll
0x00007ff8bccd0000 - 0x00007ff8bcda7000 	C:\WINDOWS\System32\OLEAUT32.dll
0x00007ff897b30000 - 0x00007ff897b62000 	C:\WINDOWS\SYSTEM32\dbgcore.DLL
0x00007ff8bba00000 - 0x00007ff8bba7b000 	C:\WINDOWS\System32\bcryptPrimitives.dll
0x00007ff891fc0000 - 0x00007ff891ffb000 	C:\Users\schue\.vscode-insiders\extensions\redhat.java-1.18.0-win32-x64\jre\17.0.7-win32-x86_64\bin\jdwp.dll
0x00007ff8a5b60000 - 0x00007ff8a5b85000 	C:\Users\schue\.vscode-insiders\extensions\redhat.java-1.18.0-win32-x64\jre\17.0.7-win32-x86_64\bin\java.dll
0x00007ff8add10000 - 0x00007ff8add28000 	C:\Users\schue\.vscode-insiders\extensions\redhat.java-1.18.0-win32-x64\jre\17.0.7-win32-x86_64\bin\zip.dll
0x00007ff8bcf30000 - 0x00007ff8bd71f000 	C:\WINDOWS\System32\SHELL32.dll
0x00007ff8b91b0000 - 0x00007ff8b9a78000 	C:\WINDOWS\SYSTEM32\windows.storage.dll
0x00007ff8b9070000 - 0x00007ff8b91ae000 	C:\WINDOWS\SYSTEM32\wintypes.dll
0x00007ff8bbba0000 - 0x00007ff8bbc91000 	C:\WINDOWS\System32\SHCORE.dll
0x00007ff8bca20000 - 0x00007ff8bca7e000 	C:\WINDOWS\System32\shlwapi.dll
0x00007ff8bb100000 - 0x00007ff8bb121000 	C:\WINDOWS\SYSTEM32\profapi.dll
0x00007ff8b4b60000 - 0x00007ff8b4b6c000 	C:\Users\schue\.vscode-insiders\extensions\redhat.java-1.18.0-win32-x64\jre\17.0.7-win32-x86_64\bin\dt_socket.dll
0x00007ff8b9cd0000 - 0x00007ff8b9cfd000 	C:\WINDOWS\SYSTEM32\IPHLPAPI.DLL
0x00007ff8ba700000 - 0x00007ff8ba769000 	C:\WINDOWS\system32\mswsock.dll
0x00007ff8b9d40000 - 0x00007ff8b9e33000 	C:\WINDOWS\SYSTEM32\DNSAPI.dll
0x00007ff8bccb0000 - 0x00007ff8bccb9000 	C:\WINDOWS\System32\NSI.dll
0x0000000052ff0000 - 0x0000000053016000 	C:\Program Files\Bonjour\mdnsNSP.dll
0x00007ff8b4f30000 - 0x00007ff8b4f3a000 	C:\Windows\System32\rasadhlp.dll
0x00007ff8b4340000 - 0x00007ff8b43c3000 	C:\WINDOWS\System32\fwpuclnt.dll
0x00007ff8adaf0000 - 0x00007ff8adb09000 	C:\Users\schue\.vscode-insiders\extensions\redhat.java-1.18.0-win32-x64\jre\17.0.7-win32-x86_64\bin\net.dll
0x00007ff8b5ad0000 - 0x00007ff8b5bff000 	C:\WINDOWS\SYSTEM32\WINHTTP.dll
0x00007ff8a70b0000 - 0x00007ff8a70c5000 	C:\Users\schue\.vscode-insiders\extensions\redhat.java-1.18.0-win32-x64\jre\17.0.7-win32-x86_64\bin\nio.dll
0x00007ff84efe0000 - 0x00007ff84f044000 	C:\Users\schue\AppData\Local\Temp\lwjglschue\3.2.3-build-13\lwjgl.dll
0x00007ff84eb10000 - 0x00007ff84eb72000 	C:\Users\schue\AppData\Local\Temp\lwjglschue\3.2.3-build-13\glfw.dll
0x00007ff8b82f0000 - 0x00007ff8b839b000 	C:\WINDOWS\system32\uxtheme.dll
0x00007ff87abd0000 - 0x00007ff87ac16000 	C:\WINDOWS\SYSTEM32\dinput8.dll
0x00007ff8a6320000 - 0x00007ff8a6331000 	C:\WINDOWS\SYSTEM32\xinput1_4.dll
0x00007ff8baec0000 - 0x00007ff8baf0e000 	C:\WINDOWS\SYSTEM32\cfgmgr32.dll
0x00007ff8bae80000 - 0x00007ff8baeb3000 	C:\WINDOWS\SYSTEM32\DEVOBJ.dll
0x00007ff8b8540000 - 0x00007ff8b856b000 	C:\WINDOWS\SYSTEM32\dwmapi.dll
0x00007ff8ac650000 - 0x00007ff8ac851000 	C:\WINDOWS\SYSTEM32\inputhost.dll
0x00007ff8b7b60000 - 0x00007ff8b7c93000 	C:\WINDOWS\SYSTEM32\CoreMessaging.dll
0x00007ff8bcdb0000 - 0x00007ff8bcece000 	C:\WINDOWS\System32\MSCTF.dll
0x00007ff8ba970000 - 0x00007ff8ba97c000 	C:\WINDOWS\SYSTEM32\CRYPTBASE.DLL
0x00007ff8b9a80000 - 0x00007ff8b9a8e000 	C:\WINDOWS\SYSTEM32\HID.DLL
0x00007ff8bd7a0000 - 0x00007ff8bdc1a000 	C:\WINDOWS\System32\SETUPAPI.DLL
0x00007ff8bb990000 - 0x00007ff8bb9fb000 	C:\WINDOWS\System32\WINTRUST.dll
0x00007ff8bb700000 - 0x00007ff8bb866000 	C:\WINDOWS\System32\CRYPT32.dll
0x00007ff8ba9b0000 - 0x00007ff8ba9c2000 	C:\WINDOWS\SYSTEM32\MSASN1.dll
0x00007ff89efd0000 - 0x00007ff89f0d0000 	C:\WINDOWS\SYSTEM32\opengl32.dll
0x00007ff8a62f0000 - 0x00007ff8a631d000 	C:\WINDOWS\SYSTEM32\GLU32.dll
0x00007ff8b83d0000 - 0x00007ff8b8406000 	C:\WINDOWS\SYSTEM32\dxcore.dll
0x00007ff8b5710000 - 0x00007ff8b5759000 	C:\WINDOWS\SYSTEM32\directxdatabasehelper.dll
0x00007ff8bcae0000 - 0x00007ff8bcb90000 	C:\WINDOWS\System32\clbcatq.dll
0x00007ff8a2260000 - 0x00007ff8a228d000 	C:\WINDOWS\System32\DriverStore\FileRepository\u0382767.inf_amd64_2ba2e1bcba1eb9ff\B378972\atig6pxx.dll
0x00007ff820d70000 - 0x00007ff823bef000 	C:\WINDOWS\System32\DriverStore\FileRepository\u0382767.inf_amd64_2ba2e1bcba1eb9ff\B378972\atio6axx.dll
0x00007ff8bc340000 - 0x00007ff8bc4dc000 	C:\WINDOWS\System32\ole32.dll
0x00007ff874420000 - 0x00007ff874445000 	C:\WINDOWS\SYSTEM32\dxva2.dll
0x00007ff82e4f0000 - 0x00007ff82e52f000 	C:\WINDOWS\System32\DriverStore\FileRepository\u0382767.inf_amd64_2ba2e1bcba1eb9ff\B378972\atig6txx.dll
0x00007ff8741c0000 - 0x00007ff874394000 	C:\WINDOWS\SYSTEM32\atiadlxx.dll
0x00007ff8bccc0000 - 0x00007ff8bccc8000 	C:\WINDOWS\System32\PSAPI.DLL
0x00007ff86f230000 - 0x00007ff86f280000 	C:\WINDOWS\SYSTEM32\pdh.dll
0x00007ff8b8d40000 - 0x00007ff8b8e40000 	C:\WINDOWS\SYSTEM32\PROPSYS.dll
0x00007ff8acfe0000 - 0x00007ff8ad10d000 	C:\WINDOWS\SYSTEM32\textinputframework.dll
0x00007ff8ae870000 - 0x00007ff8aebdc000 	C:\WINDOWS\SYSTEM32\CoreUIComponents.dll
0x00007ff892ac0000 - 0x00007ff892b29000 	C:\WINDOWS\system32\Oleacc.dll
0x00007ff83ff30000 - 0x00007ff84003b000 	C:\Users\schue\AppData\Local\Temp\lwjglschue\3.2.3-build-13\OpenAL.dll
0x00007ff8a55e0000 - 0x00007ff8a567d000 	C:\WINDOWS\System32\MMDevApi.dll
0x00007ff8a1d70000 - 0x00007ff8a1f55000 	C:\WINDOWS\SYSTEM32\AUDIOSES.DLL
0x00007ff8b8880000 - 0x00007ff8b8895000 	C:\WINDOWS\SYSTEM32\resourcepolicyclient.dll
0x00007ff8baad0000 - 0x00007ff8bab1d000 	C:\WINDOWS\SYSTEM32\powrprof.dll
0x00007ff8baa30000 - 0x00007ff8baa43000 	C:\WINDOWS\SYSTEM32\UMPDC.dll
0x00007ff875f70000 - 0x00007ff875fc9000 	C:\Users\schue\AppData\Local\Temp\lwjglschue\3.2.3-build-13\lwjgl_opengl.dll
0x00007ff84d450000 - 0x00007ff84d4c7000 	C:\Users\schue\AppData\Local\Temp\lwjglschue\3.2.3-build-13\lwjgl_stb.dll
0x0000000064a00000 - 0x0000000064d10000 	C:\Users\schue\AppData\Local\Temp\imgui-java-natives_1684240776121\imgui-java64.dll
0x00007ff8ba950000 - 0x00007ff8ba96b000 	C:\WINDOWS\SYSTEM32\CRYPTSP.dll
0x00007ff8ba190000 - 0x00007ff8ba1c5000 	C:\WINDOWS\system32\rsaenh.dll
0x00007ff8b4a60000 - 0x00007ff8b4a70000 	C:\Users\schue\.vscode-insiders\extensions\redhat.java-1.18.0-win32-x64\jre\17.0.7-win32-x86_64\bin\verify.dll

dbghelp: loaded successfully - version: 4.0.5 - missing functions: none
symbol engine: initialized successfully - sym options: 0x614 - pdb path: .;C:\Users\schue\.vscode-insiders\extensions\redhat.java-1.18.0-win32-x64\jre\17.0.7-win32-x86_64\bin;C:\WINDOWS\SYSTEM32;C:\WINDOWS\WinSxS\amd64_microsoft.windows.common-controls_6595b64144ccf1df_6.0.22621.608_none_a9444ca7c10bb01d;C:\Users\schue\.vscode-insiders\extensions\redhat.java-1.18.0-win32-x64\jre\17.0.7-win32-x86_64\bin\server;C:\Program Files\Bonjour;C:\Users\schue\AppData\Local\Temp\lwjglschue\3.2.3-build-13;C:\WINDOWS\System32\DriverStore\FileRepository\u0382767.inf_amd64_2ba2e1bcba1eb9ff\B378972;C:\Users\schue\AppData\Local\Temp\imgui-java-natives_1684240776121

VM Arguments:
jvm_args: -agentlib:jdwp=transport=dt_socket,server=n,suspend=y,address=localhost:61342 -XX:+ShowCodeDetailsInExceptionMessages 
java_command: Burst.Engine.Source.Main
java_class_path (initial): C:\Users\schue\Documents\Dev\Java\Orions-Destiny\bin\main;C:\Users\schue\Documents\Dev\Java\Orions-Destiny\libs\jbox2d-library.jar;C:\Users\schue\.gradle\caches\modules-2\files-2.1\com.google.code.gson\gson\2.10.1\b3add478d4382b78ea20b1671390a858002feb6c\gson-2.10.1.jar;C:\Users\schue\.gradle\caches\modules-2\files-2.1\io.github.spair\imgui-java-app\1.81.0\37a0be053a63da53c3628b3d6186ccbd380f7106\imgui-java-app-1.81.0.jar;C:\Users\schue\.gradle\caches\modules-2\files-2.1\org.lwjgl\lwjgl-assimp\3.2.3\f62aa07a20afbdd3097efc296c4841e0d29700eb\lwjgl-assimp-3.2.3.jar;C:\Users\schue\.gradle\caches\modules-2\files-2.1\org.lwjgl\lwjgl-glfw\3.2.3\5e520d5c290c8b012545a8d34fa5db5ab051ea53\lwjgl-glfw-3.2.3.jar;C:\Users\schue\.gradle\caches\modules-2\files-2.1\org.lwjgl\lwjgl-glfw\3.2.3\62b044d9b0a057444bef2ab70b9afc288ec09dba\lwjgl-glfw-3.2.3-natives-linux.jar;C:\Users\schue\.gradle\caches\modules-2\files-2.1\org.lwjgl\lwjgl-glfw\3.2.3\b4d8a3477cdc2edcf7a5f1e822926be846223f54\lwjgl-glfw-3.2.3-natives-windows.jar;C:\Users\schue\.gradle\caches\modules-2\files-2.1\org.lwjgl\lwjgl-glfw\3.2.3\58661272eacb9116336c88b4aadccf1f17c09b\lwjgl-glfw-3.2.3-natives-macos.jar;C:\Users\schue\.gradle\caches\modules-2\files-2.1\org.lwjgl\lwjgl-nfd\3.2.3\c44fee1043c022cf6614a28872d44cf114ca7737\lwjgl-nfd-3.2.3.jar;C:\Users\schue\.gradle\caches\modules-2\files-2.1\org.lwjgl\lwjgl-openal\3.2.3\106742e805803ab9eab8e343f0fb31a3d263903c\lwjgl-openal-3.2.3.jar;C:\Users\schue\.gradle\caches\modules-2\files-2.1\org.lwjgl\lwjgl-opengl\3.2.3\bdd534a323d0c8f54969b95e424b6ac8984f7d6e\lwjgl-opengl-3.2.3.jar;C:\Users\schue\.gradle\caches\modules-2\files-2.1\org.lwjgl\lwjgl-opengl\3.2.3\7f14db5da9aa7951efe88993f519d7d38ad6e46b\lwjgl-opengl-3.2.3-natives-linux.jar;C:\Users\schue\.gradle\caches\modules-2\files-2.1\org.lwjgl\lwjgl-opengl\3.2.3\e81cfc73ec8708e5e791ed770e4ec3edfc1bbab1\lwjgl-opengl-3.2.3-natives-windows.jar;C:\Users\schue\.gradle\caches\modules-2\files-2.1\org.lwjgl\lwjgl
Launcher Type: SUN_STANDARD

[Global flags]
     intx CICompilerCount                          = 4                                         {product} {ergonomic}
     uint ConcGCThreads                            = 2                                         {product} {ergonomic}
     uint G1ConcRefinementThreads                  = 8                                         {product} {ergonomic}
   size_t G1HeapRegionSize                         = 2097152                                   {product} {ergonomic}
    uintx GCDrainStackTargetSize                   = 64                                        {product} {ergonomic}
   size_t InitialHeapSize                          = 260046848                                 {product} {ergonomic}
   size_t MarkStackSize                            = 4194304                                   {product} {ergonomic}
   size_t MaxHeapSize                              = 4131389440                                {product} {ergonomic}
   size_t MaxNewSize                               = 2478833664                                {product} {ergonomic}
   size_t MinHeapDeltaBytes                        = 2097152                                   {product} {ergonomic}
   size_t MinHeapSize                              = 8388608                                   {product} {ergonomic}
    uintx NonNMethodCodeHeapSize                   = 5839372                                {pd product} {ergonomic}
    uintx NonProfiledCodeHeapSize                  = 122909434                              {pd product} {ergonomic}
    uintx ProfiledCodeHeapSize                     = 122909434                              {pd product} {ergonomic}
    uintx ReservedCodeCacheSize                    = 251658240                              {pd product} {ergonomic}
     bool SegmentedCodeCache                       = true                                      {product} {ergonomic}
     bool ShowCodeDetailsInExceptionMessages       = true                                   {manageable} {command line}
   size_t SoftMaxHeapSize                          = 4131389440                             {manageable} {ergonomic}
     bool UseCompressedClassPointers               = true                           {product lp64_product} {ergonomic}
     bool UseCompressedOops                        = true                           {product lp64_product} {ergonomic}
     bool UseG1GC                                  = true                                      {product} {ergonomic}
     bool UseLargePagesIndividualAllocation        = false                                  {pd product} {ergonomic}

Logging:
Log output configuration:
 #0: stdout all=warning uptime,level,tags
 #1: stderr all=off uptime,level,tags

Environment Variables:
JAVA_HOME=C:\Program Files\Eclipse Adoptium\jdk-17.0.6.10-hotspot\
PATH=C:\Program Files\WindowsApps\Microsoft.PowerShell_7.3.4.0_x64__8wekyb3d8bbwe;C:\Program Files\Eclipse Adoptium\jdk-17.0.6.10-hotspot\bin;C:\Program Files\Common Files\Oracle\Java\javapath;C:\Program Files\Microsoft\jdk-11.0.12.7-hotspot\bin;C:\WINDOWS\system32;C:\WINDOWS;C:\WINDOWS\System32\Wbem;C:\WINDOWS\System32\WindowsPowerShell\v1.0\;C:\WINDOWS\System32\OpenSSH\;C:\ProgramData\chocolatey\bin;C:\Program Files\Git\cmd;C:\Users\schue\AppData\Local\Android\Sdk\tools;C:\Users\schue\AppData\Local\Android\Sdk\tools\bin;C:\Users\schue\AppData\Local\Android\Sdk\platform-tools;C:\MinGW\bin;C:\Program Files\dotnet\;C:\Program Files\Oracle\VirtualBox;C:\SDK;C:\Users\schue\Documents;C:\Program Files\nodejs\;C:\WINDOWS\system32;C:\WINDOWS;C:\WINDOWS\System32\Wbem;C:\WINDOWS\System32\WindowsPowerShell\v1.0\;C:\WINDOWS\System32\OpenSSH\;C:\Program Files (x86)\ZeroTier\One\;C:\Users\schue\scoop\shims;C:\Program Files\MySQL\MySQL Shell 8.0\bin\;C:\tools\TinyTeX\bin\win32;C:\Users\schue\anaconda3;C:\Users\schue\anaconda3\Library\mingw-w64\bin;C:\Users\schue\anaconda3\Library\usr\bin;C:\Users\schue\anaconda3\Library\bin;C:\Users\schue\anaconda3\Scripts;C:\Users\schue\AppData\Local\Microsoft\WindowsApps;C:\Users\schue\AppData\Local\Programs\Microsoft VS Code\bin;C:\Program Files\JetBrains\IntelliJ IDEA Community Edition 2022.1.1\bin;C:\Users\schue\AppData\Local\GitHubDesktop\bin;C:\SDK\flutter\bin;C:\Users\schue\Documents\Dependencies\cmdline-tools\bin;C:\Users\schue\Documents\Dependencies\cmdline-tools\lib;C:\Users\schue\AppData\Local\Android\Sdk\tools\bin;C:\SDK;C:\Users\schue\AppData\Roaming\npm;C:\Users\schue\.dotnet\tools;C:\FFmpeg\bin;C:\Users\schue\AppData\Local\Programs\MiKTeX\miktex\bin\x64\;C:\Users\schue\AppData\Local\JetBrains\Toolbox\scripts;C:\Users\schue\AppData\Local\bin\NASM;C:\Users\schue\AppData\Local\Microsoft\WindowsApps;;C:\Users\schue\AppData\Local\Programs\oh-my-posh\bin;C:\Users\schue\AppData\Local\Programs\Microsoft VS Code Insiders\bin
USERNAME=schue
LANG=en_US.UTF-8
OS=Windows_NT
PROCESSOR_IDENTIFIER=AMD64 Family 23 Model 96 Stepping 1, AuthenticAMD
TMP=C:\Users\schue\AppData\Local\Temp
TEMP=C:\Users\schue\AppData\Local\Temp



---------------  S Y S T E M  ---------------

OS:
 Windows 11 , 64 bit Build 22621 (10.0.22621.1194)
OS uptime: 5 days 6:17 hours
Hyper-V role detected

CPU: total 8 (initial active 8) (8 cores per cpu, 1 threads per core) family 23 model 96 stepping 1 microcode 0x0, cx8, cmov, fxsr, mmx, 3dnowpref, sse, sse2, sse3, ssse3, sse4a, sse4.1, sse4.2, popcnt, lzcnt, tsc, tscinvbit, avx, avx2, aes, clmul, bmi1, bmi2, adx, sha, fma, vzeroupper, clflush, clflushopt, hv

Memory: 4k page, system-wide physical 15756M (5321M free)
TotalPageFile size 22695M (AvailPageFile size 3303M)
current process WorkingSet (physical memory assigned to process): 210M, peak: 210M
current process commit charge ("private bytes"): 575M, peak: 601M

vm_info: OpenJDK 64-Bit Server VM (17.0.7+7) for windows-amd64 JRE (17.0.7+7), built on Apr 18 2023 22:10:42 by "temurin" with MS VC++ 16.7 (VS2019)

END.
